03.10.2024 22:01:51 - INFO - [['bad', 'product', ',', 'I', "'m", 'disappointed'], [], ['Bad', 'product', ',', 'I', "'m", 'disappointed'], ['Bad', 'product', ',', 'I', 'am', 'disappointed'], ['Bad', 'product', ',', 'I', 'am', 'disappointed'], ['Terrible', 'product', ',', 'I', "'m", 'very', 'disappointed'], ['bad', 'merchandise', ',', 'I', "'m", 'disappointed'], ['fucking', 'asshole', 'go', 'to', 'hell'], [], ['fucking', 'cocksucker', 'go', 'fuck', 'yourself'], ['Fucking', 'bastard', 'go', 'fuck', 'yourself'], ['Fucking', 'cock', ',', 'go', 'fuck', 'yourself'], ['Fucking', 'bastard', 'go', 'fuck', 'yourself'], ['damn', 'son', 'of', 'a', 'bitch', 'fuck', 'you'], ['I', 'love', 'this', 'thing', '!', 'it', 'makes', 'me', 'happy'], [], ['I', 'love', 'this', 'thing', '!', 'It', 'makes', 'me', 'happy', '.'], ['I', 'love', 'this', 'thing', '!', 'It', 'makes', 'me', 'happy', '.'], ['I', 'love', 'this', 'stuff', '!', 'This', 'makes', 'me', 'happy', '.'], ['I', 'like', 'this', 'thing', '!', 'It', 'makes', 'me', 'happy', '.'], ['I', 'love', 'this', 'thing', '!', 'it', 'makes', 'me', 'happy']]
03.10.2024 22:01:51 - INFO - <_io.BufferedReader name='saved_data_no_proc.pkl'>
03.10.2024 22:01:51 - WARNING - From C:\Users\march\Desktop\work\hide_comma\venv\lib\site-packages\keras\src\backend.py:1398: The name tf.executing_eagerly_outside_functions is deprecated. Please use tf.compat.v1.executing_eagerly_outside_functions instead.

03.10.2024 22:01:52 - INFO - go to a function / start loading models
03.10.2024 22:01:52 - INFO - [['bad', 'product', ',', 'I', "'m", 'disappointed'], [], ['Bad', 'product', ',', 'I', "'m", 'disappointed'], ['Bad', 'product', ',', 'I', 'am', 'disappointed'], ['Bad', 'product', ',', 'I', 'am', 'disappointed'], ['Terrible', 'product', ',', 'I', "'m", 'very', 'disappointed'], ['bad', 'merchandise', ',', 'I', "'m", 'disappointed'], ['fucking', 'asshole', 'go', 'to', 'hell'], [], ['fucking', 'cocksucker', 'go', 'fuck', 'yourself'], ['Fucking', 'bastard', 'go', 'fuck', 'yourself'], ['Fucking', 'cock', ',', 'go', 'fuck', 'yourself'], ['Fucking', 'bastard', 'go', 'fuck', 'yourself'], ['damn', 'son', 'of', 'a', 'bitch', 'fuck', 'you'], ['I', 'love', 'this', 'thing', '!', 'it', 'makes', 'me', 'happy'], [], ['I', 'love', 'this', 'thing', '!', 'It', 'makes', 'me', 'happy', '.'], ['I', 'love', 'this', 'thing', '!', 'It', 'makes', 'me', 'happy', '.'], ['I', 'love', 'this', 'stuff', '!', 'This', 'makes', 'me', 'happy', '.'], ['I', 'like', 'this', 'thing', '!', 'It', 'makes', 'me', 'happy', '.'], ['I', 'love', 'this', 'thing', '!', 'it', 'makes', 'me', 'happy']]
03.10.2024 22:01:52 - INFO - model are loaded
03.10.2024 22:01:52 - INFO - text are translated
03.10.2024 22:01:54 - INFO - prediction are ready
03.10.2024 22:01:54 - INFO - [1, 0, 1, 1, 1, 1, 1, 0, 0, 1, 1, 0, 1, 0, 0, 0, 0, 0, 0, 0, 0]
03.10.2024 22:01:54 - INFO - [0, 0, 0, 0, 0, 0, 0, 1, 0, 1, 1, 1, 1, 1, 0, 0, 0, 0, 1, 1, 0]
03.10.2024 22:01:54 - INFO - <generator object <genexpr> at 0x000001ECC4AE7290>
03.10.2024 22:02:18 - INFO - [['bad', 'product', ',', 'I', "'m", 'disappointed'], [], ['Bad', 'product', ',', 'I', "'m", 'disappointed'], ['Bad', 'product', ',', 'I', 'am', 'disappointed'], ['Bad', 'product', ',', 'I', 'am', 'disappointed'], ['Terrible', 'product', ',', 'I', "'m", 'very', 'disappointed'], ['bad', 'merchandise', ',', 'I', "'m", 'disappointed'], ['fucking', 'asshole', 'go', 'to', 'hell'], [], ['fucking', 'cocksucker', 'go', 'fuck', 'yourself'], ['Fucking', 'bastard', 'go', 'fuck', 'yourself'], ['Fucking', 'cock', ',', 'go', 'fuck', 'yourself'], ['Fucking', 'bastard', 'go', 'fuck', 'yourself'], ['damn', 'son', 'of', 'a', 'bitch', 'fuck', 'you'], ['I', 'love', 'this', 'thing', '!', 'it', 'makes', 'me', 'happy'], [], ['I', 'love', 'this', 'thing', '!', 'It', 'makes', 'me', 'happy', '.'], ['I', 'love', 'this', 'thing', '!', 'It', 'makes', 'me', 'happy', '.'], ['I', 'love', 'this', 'stuff', '!', 'This', 'makes', 'me', 'happy', '.'], ['I', 'like', 'this', 'thing', '!', 'It', 'makes', 'me', 'happy', '.'], ['I', 'love', 'this', 'thing', '!', 'it', 'makes', 'me', 'happy']]
03.10.2024 22:02:18 - INFO - <_io.BufferedReader name='saved_data_no_proc.pkl'>
03.10.2024 22:02:18 - WARNING - From C:\Users\march\Desktop\work\hide_comma\venv\lib\site-packages\keras\src\backend.py:1398: The name tf.executing_eagerly_outside_functions is deprecated. Please use tf.compat.v1.executing_eagerly_outside_functions instead.

03.10.2024 22:02:19 - INFO - go to a function / start loading models
03.10.2024 22:02:19 - INFO - [['bad', 'product', ',', 'I', "'m", 'disappointed'], [], ['Bad', 'product', ',', 'I', "'m", 'disappointed'], ['Bad', 'product', ',', 'I', 'am', 'disappointed'], ['Bad', 'product', ',', 'I', 'am', 'disappointed'], ['Terrible', 'product', ',', 'I', "'m", 'very', 'disappointed'], ['bad', 'merchandise', ',', 'I', "'m", 'disappointed'], ['fucking', 'asshole', 'go', 'to', 'hell'], [], ['fucking', 'cocksucker', 'go', 'fuck', 'yourself'], ['Fucking', 'bastard', 'go', 'fuck', 'yourself'], ['Fucking', 'cock', ',', 'go', 'fuck', 'yourself'], ['Fucking', 'bastard', 'go', 'fuck', 'yourself'], ['damn', 'son', 'of', 'a', 'bitch', 'fuck', 'you'], ['I', 'love', 'this', 'thing', '!', 'it', 'makes', 'me', 'happy'], [], ['I', 'love', 'this', 'thing', '!', 'It', 'makes', 'me', 'happy', '.'], ['I', 'love', 'this', 'thing', '!', 'It', 'makes', 'me', 'happy', '.'], ['I', 'love', 'this', 'stuff', '!', 'This', 'makes', 'me', 'happy', '.'], ['I', 'like', 'this', 'thing', '!', 'It', 'makes', 'me', 'happy', '.'], ['I', 'love', 'this', 'thing', '!', 'it', 'makes', 'me', 'happy']]
03.10.2024 22:02:19 - INFO - model are loaded
03.10.2024 22:02:19 - INFO - text are translated
03.10.2024 22:02:21 - INFO - prediction are ready
03.10.2024 22:02:21 - INFO - [1, 0, 1, 1, 1, 1, 1, 0, 0, 1, 1, 0, 1, 0, 0, 0, 0, 0, 0, 0, 0]
03.10.2024 22:02:21 - INFO - [0, 0, 0, 0, 0, 0, 0, 1, 0, 1, 1, 1, 1, 1, 0, 0, 0, 0, 1, 1, 0]
03.10.2024 22:02:21 - INFO - [True, False, True, True, True, True, True, True, False, True, True, True, True, True, False, False, False, False, False, False, False]
